Arguments: 
  /snap/node/2336/bin/node /snap/node/2336/bin/yarn.js global dir

PATH: 
  /~/Downloads/node-v16.1.0-linux-x64/bin:/home/elshadai/.local/bin:/usr/local/sbin:/usr/local/bin:/usr/sbin:/usr/bin:/sbin:/bin:/usr/games:/usr/local/games:/snap/bin

Yarn version: 
  1.16.0

Node version: 
  11.15.0

Platform: 
  linux x64

Trace: 
  Error: EACCES: permission denied, write
      at writeSync (fs.js:589:3)
      at SyncWriteStream._write (internal/fs/sync_write_stream.js:22:3)
      at doWrite (_stream_writable.js:415:12)
      at writeOrBuffer (_stream_writable.js:399:5)
      at SyncWriteStream.Writable.write (_stream_writable.js:299:11)
      at ConsoleReporter._log (/snap/node/2336/lib/cli.js:96002:17)
      at ConsoleReporter.log (/snap/node/2336/lib/cli.js:95990:10)
      at dir (/snap/node/2336/lib/cli.js:35982:14)
      at Object.<anonymous> (/snap/node/2336/lib/cli.js:25855:25)
      at Generator.next (<anonymous>)

npm manifest: 
  No manifest

yarn manifest: 
  No manifest

Lockfile: 
  No lockfile
